<?xml version="1.0" encoding="UTF-8"?><testrun name="Rerun Rerun Rerun Rerun ColonDefinitionParserTest (Failed Tests first)" project="callgrapher" tests="21" started="21" failures="0" errors="6" ignored="0">
  <testsuite name="callgrapher.ColonDefinitionParserTest" time="0.017">
    <testcase name="test_stripComments_2" classname="callgrapher.ColonDefinitionParserTest" time="0.003">
      <error>java.util.regex.PatternSyntaxException: Unmatched closing ')' near index 13
\s+\(\s+.*\\s+)(\s+|[
&#13;]*)
             ^
	at java.util.regex.Pattern.error(Pattern.java:1924)
	at java.util.regex.Pattern.compile(Pattern.java:1669)
	at java.util.regex.Pattern.&lt;init&gt;(Pattern.java:1337)
	at java.util.regex.Pattern.compile(Pattern.java:1022)
	at java.lang.String.replaceAll(String.java:2162)
	at callgrapher.ColonDefinitionParser.stripComments(ColonDefinitionParser.java:290)
	at callgrapher.ColonDefinitionParserTest.test_stripComments_2(ColonDefinitionParserTest.java:184)
	at sun.reflect.NativeMethodAccessorImpl.invoke0(Native Method)
	at sun.reflect.NativeMethodAccessorImpl.invoke(NativeMethodAccessorImpl.java:57)
	at sun.reflect.DelegatingMethodAccessorImpl.invoke(DelegatingMethodAccessorImpl.java:43)
	at java.lang.reflect.Method.invoke(Method.java:606)
	at org.junit.runners.model.FrameworkMethod$1.runReflectiveCall(FrameworkMethod.java:47)
	at org.junit.internal.runners.model.ReflectiveCallable.run(ReflectiveCallable.java:12)
	at org.junit.runners.model.FrameworkMethod.invokeExplosively(FrameworkMethod.java:44)
	at org.junit.internal.runners.statements.InvokeMethod.evaluate(InvokeMethod.java:17)
	at org.junit.runners.ParentRunner.runLeaf(ParentRunner.java:271)
	at org.junit.runners.BlockJUnit4ClassRunner.runChild(BlockJUnit4ClassRunner.java:70)
	at org.junit.runners.BlockJUnit4ClassRunner.runChild(BlockJUnit4ClassRunner.java:50)
	at org.junit.runners.ParentRunner$3.run(ParentRunner.java:238)
	at org.junit.runners.ParentRunner$1.schedule(ParentRunner.java:63)
	at org.junit.runners.ParentRunner.runChildren(ParentRunner.java:236)
	at org.junit.runners.ParentRunner.access$000(ParentRunner.java:53)
	at org.junit.runners.ParentRunner$2.evaluate(ParentRunner.java:229)
	at org.junit.runners.ParentRunner.run(ParentRunner.java:309)
	at org.eclipse.jdt.internal.junit4.runner.JUnit4TestReference.run(JUnit4TestReference.java:50)
	at org.eclipse.jdt.internal.junit.runner.TestExecution.run(TestExecution.java:38)
	at org.eclipse.jdt.internal.junit.runner.RemoteTestRunner.runTests(RemoteTestRunner.java:459)
	at org.eclipse.jdt.internal.junit.runner.RemoteTestRunner.runTests(RemoteTestRunner.java:675)
	at org.eclipse.jdt.internal.junit.runner.RemoteTestRunner.run(RemoteTestRunner.java:382)
	at org.eclipse.jdt.internal.junit.runner.RemoteTestRunner.main(RemoteTestRunner.java:192)

</error>
    </testcase>
    <testcase name="test_stripComments_1" classname="callgrapher.ColonDefinitionParserTest" time="0.001">
      <error>java.util.regex.PatternSyntaxException: Unmatched closing ')' near index 13
\s+\(\s+.*\\s+)(\s+|[
&#13;]*)
             ^
	at java.util.regex.Pattern.error(Pattern.java:1924)
	at java.util.regex.Pattern.compile(Pattern.java:1669)
	at java.util.regex.Pattern.&lt;init&gt;(Pattern.java:1337)
	at java.util.regex.Pattern.compile(Pattern.java:1022)
	at java.lang.String.replaceAll(String.java:2162)
	at callgrapher.ColonDefinitionParser.stripComments(ColonDefinitionParser.java:290)
	at callgrapher.ColonDefinitionParserTest.test_stripComments_1(ColonDefinitionParserTest.java:176)
	at sun.reflect.NativeMethodAccessorImpl.invoke0(Native Method)
	at sun.reflect.NativeMethodAccessorImpl.invoke(NativeMethodAccessorImpl.java:57)
	at sun.reflect.DelegatingMethodAccessorImpl.invoke(DelegatingMethodAccessorImpl.java:43)
	at java.lang.reflect.Method.invoke(Method.java:606)
	at org.junit.runners.model.FrameworkMethod$1.runReflectiveCall(FrameworkMethod.java:47)
	at org.junit.internal.runners.model.ReflectiveCallable.run(ReflectiveCallable.java:12)
	at org.junit.runners.model.FrameworkMethod.invokeExplosively(FrameworkMethod.java:44)
	at org.junit.internal.runners.statements.InvokeMethod.evaluate(InvokeMethod.java:17)
	at org.junit.runners.ParentRunner.runLeaf(ParentRunner.java:271)
	at org.junit.runners.BlockJUnit4ClassRunner.runChild(BlockJUnit4ClassRunner.java:70)
	at org.junit.runners.BlockJUnit4ClassRunner.runChild(BlockJUnit4ClassRunner.java:50)
	at org.junit.runners.ParentRunner$3.run(ParentRunner.java:238)
	at org.junit.runners.ParentRunner$1.schedule(ParentRunner.java:63)
	at org.junit.runners.ParentRunner.runChildren(ParentRunner.java:236)
	at org.junit.runners.ParentRunner.access$000(ParentRunner.java:53)
	at org.junit.runners.ParentRunner$2.evaluate(ParentRunner.java:229)
	at org.junit.runners.ParentRunner.run(ParentRunner.java:309)
	at org.eclipse.jdt.internal.junit4.runner.JUnit4TestReference.run(JUnit4TestReference.java:50)
	at org.eclipse.jdt.internal.junit.runner.TestExecution.run(TestExecution.java:38)
	at org.eclipse.jdt.internal.junit.runner.RemoteTestRunner.runTests(RemoteTestRunner.java:459)
	at org.eclipse.jdt.internal.junit.runner.RemoteTestRunner.runTests(RemoteTestRunner.java:675)
	at org.eclipse.jdt.internal.junit.runner.RemoteTestRunner.run(RemoteTestRunner.java:382)
	at org.eclipse.jdt.internal.junit.runner.RemoteTestRunner.main(RemoteTestRunner.java:192)

</error>
    </testcase>
    <testcase name="test_isIgnoreWord_wordNotInList_shouldReturnFalse" classname="callgrapher.ColonDefinitionParserTest" time="0.001"/>
    <testcase name="test_stripAfterAndIncludingSemicolon_1" classname="callgrapher.ColonDefinitionParserTest" time="0.0"/>
    <testcase name="test_stripAfterAndIncludingSemicolon_2" classname="callgrapher.ColonDefinitionParserTest" time="0.0"/>
    <testcase name="test_stripAfterAndIncludingSemicolon_3" classname="callgrapher.ColonDefinitionParserTest" time="0.001"/>
    <testcase name="test_stripAfterAndIncludingSemicolon_4" classname="callgrapher.ColonDefinitionParserTest" time="0.0"/>
    <testcase name="test_isIgnoreWord_wordInList_shouldReturnTrue" classname="callgrapher.ColonDefinitionParserTest" time="0.0"/>
    <testcase name="test_stripComments_3" classname="callgrapher.ColonDefinitionParserTest" time="0.003">
      <error>java.util.regex.PatternSyntaxException: Unmatched closing ')' near index 13
\s+\(\s+.*\\s+)(\s+|[
&#13;]*)
             ^
	at java.util.regex.Pattern.error(Pattern.java:1924)
	at java.util.regex.Pattern.compile(Pattern.java:1669)
	at java.util.regex.Pattern.&lt;init&gt;(Pattern.java:1337)
	at java.util.regex.Pattern.compile(Pattern.java:1022)
	at java.lang.String.replaceAll(String.java:2162)
	at callgrapher.ColonDefinitionParser.stripComments(ColonDefinitionParser.java:290)
	at callgrapher.ColonDefinitionParserTest.test_stripComments_3(ColonDefinitionParserTest.java:193)
	at sun.reflect.NativeMethodAccessorImpl.invoke0(Native Method)
	at sun.reflect.NativeMethodAccessorImpl.invoke(NativeMethodAccessorImpl.java:57)
	at sun.reflect.DelegatingMethodAccessorImpl.invoke(DelegatingMethodAccessorImpl.java:43)
	at java.lang.reflect.Method.invoke(Method.java:606)
	at org.junit.runners.model.FrameworkMethod$1.runReflectiveCall(FrameworkMethod.java:47)
	at org.junit.internal.runners.model.ReflectiveCallable.run(ReflectiveCallable.java:12)
	at org.junit.runners.model.FrameworkMethod.invokeExplosively(FrameworkMethod.java:44)
	at org.junit.internal.runners.statements.InvokeMethod.evaluate(InvokeMethod.java:17)
	at org.junit.runners.ParentRunner.runLeaf(ParentRunner.java:271)
	at org.junit.runners.BlockJUnit4ClassRunner.runChild(BlockJUnit4ClassRunner.java:70)
	at org.junit.runners.BlockJUnit4ClassRunner.runChild(BlockJUnit4ClassRunner.java:50)
	at org.junit.runners.ParentRunner$3.run(ParentRunner.java:238)
	at org.junit.runners.ParentRunner$1.schedule(ParentRunner.java:63)
	at org.junit.runners.ParentRunner.runChildren(ParentRunner.java:236)
	at org.junit.runners.ParentRunner.access$000(ParentRunner.java:53)
	at org.junit.runners.ParentRunner$2.evaluate(ParentRunner.java:229)
	at org.junit.runners.ParentRunner.run(ParentRunner.java:309)
	at org.eclipse.jdt.internal.junit4.runner.JUnit4TestReference.run(JUnit4TestReference.java:50)
	at org.eclipse.jdt.internal.junit.runner.TestExecution.run(TestExecution.java:38)
	at org.eclipse.jdt.internal.junit.runner.RemoteTestRunner.runTests(RemoteTestRunner.java:459)
	at org.eclipse.jdt.internal.junit.runner.RemoteTestRunner.runTests(RemoteTestRunner.java:675)
	at org.eclipse.jdt.internal.junit.runner.RemoteTestRunner.run(RemoteTestRunner.java:382)
	at org.eclipse.jdt.internal.junit.runner.RemoteTestRunner.main(RemoteTestRunner.java:192)

</error>
    </testcase>
    <testcase name="test_stripComments_4" classname="callgrapher.ColonDefinitionParserTest" time="0.002">
      <error>java.util.regex.PatternSyntaxException: Unmatched closing ')' near index 13
\s+\(\s+.*\\s+)(\s+|[
&#13;]*)
             ^
	at java.util.regex.Pattern.error(Pattern.java:1924)
	at java.util.regex.Pattern.compile(Pattern.java:1669)
	at java.util.regex.Pattern.&lt;init&gt;(Pattern.java:1337)
	at java.util.regex.Pattern.compile(Pattern.java:1022)
	at java.lang.String.replaceAll(String.java:2162)
	at callgrapher.ColonDefinitionParser.stripComments(ColonDefinitionParser.java:290)
	at callgrapher.ColonDefinitionParserTest.test_stripComments_4(ColonDefinitionParserTest.java:201)
	at sun.reflect.NativeMethodAccessorImpl.invoke0(Native Method)
	at sun.reflect.NativeMethodAccessorImpl.invoke(NativeMethodAccessorImpl.java:57)
	at sun.reflect.DelegatingMethodAccessorImpl.invoke(DelegatingMethodAccessorImpl.java:43)
	at java.lang.reflect.Method.invoke(Method.java:606)
	at org.junit.runners.model.FrameworkMethod$1.runReflectiveCall(FrameworkMethod.java:47)
	at org.junit.internal.runners.model.ReflectiveCallable.run(ReflectiveCallable.java:12)
	at org.junit.runners.model.FrameworkMethod.invokeExplosively(FrameworkMethod.java:44)
	at org.junit.internal.runners.statements.InvokeMethod.evaluate(InvokeMethod.java:17)
	at org.junit.runners.ParentRunner.runLeaf(ParentRunner.java:271)
	at org.junit.runners.BlockJUnit4ClassRunner.runChild(BlockJUnit4ClassRunner.java:70)
	at org.junit.runners.BlockJUnit4ClassRunner.runChild(BlockJUnit4ClassRunner.java:50)
	at org.junit.runners.ParentRunner$3.run(ParentRunner.java:238)
	at org.junit.runners.ParentRunner$1.schedule(ParentRunner.java:63)
	at org.junit.runners.ParentRunner.runChildren(ParentRunner.java:236)
	at org.junit.runners.ParentRunner.access$000(ParentRunner.java:53)
	at org.junit.runners.ParentRunner$2.evaluate(ParentRunner.java:229)
	at org.junit.runners.ParentRunner.run(ParentRunner.java:309)
	at org.eclipse.jdt.internal.junit4.runner.JUnit4TestReference.run(JUnit4TestReference.java:50)
	at org.eclipse.jdt.internal.junit.runner.TestExecution.run(TestExecution.java:38)
	at org.eclipse.jdt.internal.junit.runner.RemoteTestRunner.runTests(RemoteTestRunner.java:459)
	at org.eclipse.jdt.internal.junit.runner.RemoteTestRunner.runTests(RemoteTestRunner.java:675)
	at org.eclipse.jdt.internal.junit.runner.RemoteTestRunner.run(RemoteTestRunner.java:382)
	at org.eclipse.jdt.internal.junit.runner.RemoteTestRunner.main(RemoteTestRunner.java:192)

</error>
    </testcase>
    <testcase name="test_getExecutedWords_ignoreWordsTrueAndListWithWords_shouldReturnNonIgnoreWords" classname="callgrapher.ColonDefinitionParserTest" time="0.0"/>
    <testcase name="test_stripComments_notWellFormedMultilineBlockComment_blockCommentStartShouldRemain" classname="callgrapher.ColonDefinitionParserTest" time="0.0">
      <error>java.util.regex.PatternSyntaxException: Unmatched closing ')' near index 13
\s+\(\s+.*\\s+)(\s+|[
&#13;]*)
             ^
	at java.util.regex.Pattern.error(Pattern.java:1924)
	at java.util.regex.Pattern.compile(Pattern.java:1669)
	at java.util.regex.Pattern.&lt;init&gt;(Pattern.java:1337)
	at java.util.regex.Pattern.compile(Pattern.java:1022)
	at java.lang.String.replaceAll(String.java:2162)
	at callgrapher.ColonDefinitionParser.stripComments(ColonDefinitionParser.java:290)
	at callgrapher.ColonDefinitionParserTest.test_stripComments_notWellFormedMultilineBlockComment_blockCommentStartShouldRemain(ColonDefinitionParserTest.java:210)
	at sun.reflect.NativeMethodAccessorImpl.invoke0(Native Method)
	at sun.reflect.NativeMethodAccessorImpl.invoke(NativeMethodAccessorImpl.java:57)
	at sun.reflect.DelegatingMethodAccessorImpl.invoke(DelegatingMethodAccessorImpl.java:43)
	at java.lang.reflect.Method.invoke(Method.java:606)
	at org.junit.runners.model.FrameworkMethod$1.runReflectiveCall(FrameworkMethod.java:47)
	at org.junit.internal.runners.model.ReflectiveCallable.run(ReflectiveCallable.java:12)
	at org.junit.runners.model.FrameworkMethod.invokeExplosively(FrameworkMethod.java:44)
	at org.junit.internal.runners.statements.InvokeMethod.evaluate(InvokeMethod.java:17)
	at org.junit.runners.ParentRunner.runLeaf(ParentRunner.java:271)
	at org.junit.runners.BlockJUnit4ClassRunner.runChild(BlockJUnit4ClassRunner.java:70)
	at org.junit.runners.BlockJUnit4ClassRunner.runChild(BlockJUnit4ClassRunner.java:50)
	at org.junit.runners.ParentRunner$3.run(ParentRunner.java:238)
	at org.junit.runners.ParentRunner$1.schedule(ParentRunner.java:63)
	at org.junit.runners.ParentRunner.runChildren(ParentRunner.java:236)
	at org.junit.runners.ParentRunner.access$000(ParentRunner.java:53)
	at org.junit.runners.ParentRunner$2.evaluate(ParentRunner.java:229)
	at org.junit.runners.ParentRunner.run(ParentRunner.java:309)
	at org.eclipse.jdt.internal.junit4.runner.JUnit4TestReference.run(JUnit4TestReference.java:50)
	at org.eclipse.jdt.internal.junit.runner.TestExecution.run(TestExecution.java:38)
	at org.eclipse.jdt.internal.junit.runner.RemoteTestRunner.runTests(RemoteTestRunner.java:459)
	at org.eclipse.jdt.internal.junit.runner.RemoteTestRunner.runTests(RemoteTestRunner.java:675)
	at org.eclipse.jdt.internal.junit.runner.RemoteTestRunner.run(RemoteTestRunner.java:382)
	at org.eclipse.jdt.internal.junit.runner.RemoteTestRunner.main(RemoteTestRunner.java:192)

</error>
    </testcase>
    <testcase name="test_getExecutedWords_emptyText_shouldReturnEmptyList" classname="callgrapher.ColonDefinitionParserTest" time="0.0"/>
    <testcase name="test_getExecutedWords_ignoreWordsTrueAndListEmpty_shouldReturnAllWords" classname="callgrapher.ColonDefinitionParserTest" time="0.0"/>
    <testcase name="test_getExecutedWords_ignoreWordsFalseAndListWithWords_shouldReturnAllWords" classname="callgrapher.ColonDefinitionParserTest" time="0.0"/>
    <testcase name="test_isIgnoreWord_listEmpty_shouldReturnFalse" classname="callgrapher.ColonDefinitionParserTest" time="0.0"/>
    <testcase name="test_getExecutedWords_ignoreWordsFalseAndEmptyList_shouldReturnAllWords" classname="callgrapher.ColonDefinitionParserTest" time="0.0"/>
    <testcase name="test_stripDefinitionPart_1" classname="callgrapher.ColonDefinitionParserTest" time="0.0"/>
    <testcase name="test_stripDefinitionPart_2" classname="callgrapher.ColonDefinitionParserTest" time="0.0"/>
    <testcase name="test_stripDefinitionPart_3" classname="callgrapher.ColonDefinitionParserTest" time="0.0"/>
    <testcase name="test_stripComments_notWellFormedMultilineBlockComment_blockCommentEndShouldRemain" classname="callgrapher.ColonDefinitionParserTest" time="0.0">
      <error>java.util.regex.PatternSyntaxException: Unmatched closing ')' near index 13
\s+\(\s+.*\\s+)(\s+|[
&#13;]*)
             ^
	at java.util.regex.Pattern.error(Pattern.java:1924)
	at java.util.regex.Pattern.compile(Pattern.java:1669)
	at java.util.regex.Pattern.&lt;init&gt;(Pattern.java:1337)
	at java.util.regex.Pattern.compile(Pattern.java:1022)
	at java.lang.String.replaceAll(String.java:2162)
	at callgrapher.ColonDefinitionParser.stripComments(ColonDefinitionParser.java:290)
	at callgrapher.ColonDefinitionParserTest.test_stripComments_notWellFormedMultilineBlockComment_blockCommentEndShouldRemain(ColonDefinitionParserTest.java:219)
	at sun.reflect.NativeMethodAccessorImpl.invoke0(Native Method)
	at sun.reflect.NativeMethodAccessorImpl.invoke(NativeMethodAccessorImpl.java:57)
	at sun.reflect.DelegatingMethodAccessorImpl.invoke(DelegatingMethodAccessorImpl.java:43)
	at java.lang.reflect.Method.invoke(Method.java:606)
	at org.junit.runners.model.FrameworkMethod$1.runReflectiveCall(FrameworkMethod.java:47)
	at org.junit.internal.runners.model.ReflectiveCallable.run(ReflectiveCallable.java:12)
	at org.junit.runners.model.FrameworkMethod.invokeExplosively(FrameworkMethod.java:44)
	at org.junit.internal.runners.statements.InvokeMethod.evaluate(InvokeMethod.java:17)
	at org.junit.runners.ParentRunner.runLeaf(ParentRunner.java:271)
	at org.junit.runners.BlockJUnit4ClassRunner.runChild(BlockJUnit4ClassRunner.java:70)
	at org.junit.runners.BlockJUnit4ClassRunner.runChild(BlockJUnit4ClassRunner.java:50)
	at org.junit.runners.ParentRunner$3.run(ParentRunner.java:238)
	at org.junit.runners.ParentRunner$1.schedule(ParentRunner.java:63)
	at org.junit.runners.ParentRunner.runChildren(ParentRunner.java:236)
	at org.junit.runners.ParentRunner.access$000(ParentRunner.java:53)
	at org.junit.runners.ParentRunner$2.evaluate(ParentRunner.java:229)
	at org.junit.runners.ParentRunner.run(ParentRunner.java:309)
	at org.eclipse.jdt.internal.junit4.runner.JUnit4TestReference.run(JUnit4TestReference.java:50)
	at org.eclipse.jdt.internal.junit.runner.TestExecution.run(TestExecution.java:38)
	at org.eclipse.jdt.internal.junit.runner.RemoteTestRunner.runTests(RemoteTestRunner.java:459)
	at org.eclipse.jdt.internal.junit.runner.RemoteTestRunner.runTests(RemoteTestRunner.java:675)
	at org.eclipse.jdt.internal.junit.runner.RemoteTestRunner.run(RemoteTestRunner.java:382)
	at org.eclipse.jdt.internal.junit.runner.RemoteTestRunner.main(RemoteTestRunner.java:192)

</error>
    </testcase>
  </testsuite>
</testrun>
